<?xml version="1.0" encoding="UTF-8"?>
<!-- Generated by org.testng.reporters.JUnitReportReporter -->
<testsuite hostname="ACSS-LTP151" failures="0" tests="1" name="test.cases.TC002" time="6.254" errors="0" timestamp="2024-12-02T15:59:21 PST" skipped="0">
  <testcase classname="test.cases.TC002" name="LoginAddedUser" time="6.254"/>
  <system-out/>
</testsuite> <!-- test.cases.TC002 -->
