<?xml version="1.0" encoding="UTF-8"?>
<!-- Generated by org.testng.reporters.JUnitReportReporter -->
<testsuite hostname="ACSS-LTP151" failures="0" tests="3" name="test.cases.TC001" time="21.811" errors="0" timestamp="2024-12-02T17:56:31 PST" skipped="0">
  <testcase classname="test.cases.TC001" name="AddUser" time="13.868"/>
  <system-out/>
  <testcase classname="test.cases.TC001" name="Logout" time="0.632"/>
  <system-out/>
  <testcase classname="test.cases.TC001" name="reloginUser" time="7.311"/>
  <system-out/>
</testsuite> <!-- test.cases.TC001 -->
