<?xml version="1.0" encoding="UTF-8"?>
<!-- Generated by org.testng.reporters.JUnitReportReporter -->
<testsuite hostname="ACSS-LTP151" failures="0" tests="1" name="base.files.BaseFiles" time="0.010" errors="0" timestamp="2024-11-29T09:06:47 PST" skipped="0">
  <testcase classname="base.files.BaseFiles" name="Password" time="0.010"/>
  <system-out/>
</testsuite> <!-- base.files.BaseFiles -->
